<?xml version="1.0" encoding="UTF-8"?>
<testsuite xmlns:xsi="http://www.w3.org/2001/XMLSchema-instance" xsi:schemaLocation="https://maven.apache.org/surefire/maven-surefire-plugin/xsd/surefire-test-report.xsd" name="TestSuite" time="31.802" tests="63" errors="0" skipped="60" failures="3">
  <properties>
[...]
</properties>
  <testcase name="openBroser" classname="thread.test08" time="30.888">
    <failure message="Could not start a new session. Possible causes are invalid address of the remote server or browser start-up failure.&#10;Build info: version: &apos;3.141.59&apos;, revision: &apos;e82be7d358&apos;, time: &apos;2018-11-14T08:17:03&apos;&#10;System info: host: &apos;WINDOWS-H6I2TEN&apos;, ip: &apos;192.168.43.105&apos;, os.name: &apos;Windows 8&apos;, os.arch: &apos;amd64&apos;, os.version: &apos;6.2&apos;, java.version: &apos;1.8.0_181&apos;&#10;Driver info: driver.version: RemoteWebDriver" type="org.openqa.selenium.remote.UnreachableBrowserException">org.openqa.selenium.remote.UnreachableBrowserException: 
Could not start a new session. Possible causes are invalid address of the remote server or browser start-up failure.
Build info: version: '3.141.59', revision: 'e82be7d358', time: '2018-11-14T08:17:03'
System info: host: 'WINDOWS-H6I2TEN', ip: '192.168.43.105', os.name: 'Windows 8', os.arch: 'amd64', os.version: '6.2', java.version: '1.8.0_181'
Driver info: driver.version: RemoteWebDriver
	at thread.test08.openBroser(test08.java:26)
Caused by: java.net.ConnectException: Failed to connect to /192.168.1.23:4444
	at thread.test08.openBroser(test08.java:26)
Caused by: java.net.ConnectException: Connection timed out: connect
	at thread.test08.openBroser(test08.java:26)
</failure>
    <system-err><![CDATA[五月 08, 2020 7:17:23 下午 org.openqa.selenium.remote.DesiredCapabilities chrome
信息: Using `new ChromeOptions()` is preferred to `DesiredCapabilities.chrome()`
五月 08, 2020 7:17:23 下午 org.openqa.selenium.remote.DesiredCapabilities chrome
信息: Using `new ChromeOptions()` is preferred to `DesiredCapabilities.chrome()`
五月 08, 2020 7:17:23 下午 org.openqa.selenium.remote.DesiredCapabilities chrome
信息: Using `new ChromeOptions()` is preferred to `DesiredCapabilities.chrome()`
]]></system-err>
  </testcase>
  <testcase name="openBroser" classname="thread.test08" time="0">
    <skipped/>
  </testcase>
  <testcase name="openBroser" classname="thread.test08" time="0">
    <skipped/>
  </testcase>
  <testcase name="openBroser" classname="thread.test08" time="0">
    <skipped/>
  </testcase>
  <testcase name="openBroser" classname="thread.test08" time="0">
    <skipped/>
  </testcase>
  <testcase name="openBroser" classname="thread.test08" time="0">
    <skipped/>
  </testcase>
  <testcase name="openBroser" classname="thread.test08" time="0">
    <skipped/>
  </testcase>
  <testcase name="openBroser" classname="thread.test07" time="30.89">
    <failure message="Could not start a new session. Possible causes are invalid address of the remote server or browser start-up failure.&#10;Build info: version: &apos;3.141.59&apos;, revision: &apos;e82be7d358&apos;, time: &apos;2018-11-14T08:17:03&apos;&#10;System info: host: &apos;WINDOWS-H6I2TEN&apos;, ip: &apos;192.168.43.105&apos;, os.name: &apos;Windows 8&apos;, os.arch: &apos;amd64&apos;, os.version: &apos;6.2&apos;, java.version: &apos;1.8.0_181&apos;&#10;Driver info: driver.version: RemoteWebDriver" type="org.openqa.selenium.remote.UnreachableBrowserException">org.openqa.selenium.remote.UnreachableBrowserException: 
Could not start a new session. Possible causes are invalid address of the remote server or browser start-up failure.
Build info: version: '3.141.59', revision: 'e82be7d358', time: '2018-11-14T08:17:03'
System info: host: 'WINDOWS-H6I2TEN', ip: '192.168.43.105', os.name: 'Windows 8', os.arch: 'amd64', os.version: '6.2', java.version: '1.8.0_181'
Driver info: driver.version: RemoteWebDriver
	at thread.test07.openBroser(test07.java:26)
Caused by: java.net.ConnectException: Failed to connect to /192.168.1.23:4444
	at thread.test07.openBroser(test07.java:26)
Caused by: java.net.ConnectException: Connection timed out: connect
	at thread.test07.openBroser(test07.java:26)
</failure>
  </testcase>
  <testcase name="openBroser" classname="thread.test07" time="0">
    <skipped/>
  </testcase>
  <testcase name="openBroser" classname="thread.test07" time="0">
    <skipped/>
  </testcase>
  <testcase name="openBroser" classname="thread.test07" time="0">
    <skipped/>
  </testcase>
  <testcase name="openBroser" classname="thread.test07" time="0">
    <skipped/>
  </testcase>
  <testcase name="openBroser" classname="thread.test07" time="0">
    <skipped/>
  </testcase>
  <testcase name="openBroser" classname="thread.test07" time="0">
    <skipped/>
  </testcase>
  <testcase name="openBroser" classname="thread.test09" time="30.89">
    <failure message="Could not start a new session. Possible causes are invalid address of the remote server or browser start-up failure.&#10;Build info: version: &apos;3.141.59&apos;, revision: &apos;e82be7d358&apos;, time: &apos;2018-11-14T08:17:03&apos;&#10;System info: host: &apos;WINDOWS-H6I2TEN&apos;, ip: &apos;192.168.43.105&apos;, os.name: &apos;Windows 8&apos;, os.arch: &apos;amd64&apos;, os.version: &apos;6.2&apos;, java.version: &apos;1.8.0_181&apos;&#10;Driver info: driver.version: RemoteWebDriver" type="org.openqa.selenium.remote.UnreachableBrowserException">org.openqa.selenium.remote.UnreachableBrowserException: 
Could not start a new session. Possible causes are invalid address of the remote server or browser start-up failure.
Build info: version: '3.141.59', revision: 'e82be7d358', time: '2018-11-14T08:17:03'
System info: host: 'WINDOWS-H6I2TEN', ip: '192.168.43.105', os.name: 'Windows 8', os.arch: 'amd64', os.version: '6.2', java.version: '1.8.0_181'
Driver info: driver.version: RemoteWebDriver
	at thread.test09.openBroser(test09.java:25)
Caused by: java.net.ConnectException: Failed to connect to /192.168.1.23:4444
	at thread.test09.openBroser(test09.java:25)
Caused by: java.net.ConnectException: Connection timed out: connect
	at thread.test09.openBroser(test09.java:25)
</failure>
  </testcase>
  <testcase name="openBroser" classname="thread.test09" time="0">
    <skipped/>
  </testcase>
  <testcase name="openBroser" classname="thread.test09" time="0">
    <skipped/>
  </testcase>
  <testcase name="openBroser" classname="thread.test09" time="0">
    <skipped/>
  </testcase>
  <testcase name="openBroser" classname="thread.test09" time="0">
    <skipped/>
  </testcase>
  <testcase name="openBroser" classname="thread.test09" time="0">
    <skipped/>
  </testcase>
  <testcase name="openBroser" classname="thread.test09" time="0">
    <skipped/>
  </testcase>
  <testcase name="test" classname="thread.test09" time="0">
    <skipped/>
  </testcase>
  <testcase name="test" classname="thread.test09" time="0">
    <skipped/>
  </testcase>
  <testcase name="test" classname="thread.test09" time="0">
    <skipped/>
  </testcase>
  <testcase name="closeBroser" classname="thread.test09" time="0">
    <skipped/>
  </testcase>
  <testcase name="closeBroser" classname="thread.test09" time="0">
    <skipped/>
  </testcase>
  <testcase name="closeBroser" classname="thread.test09" time="0">
    <skipped/>
  </testcase>
  <testcase name="closeBroser" classname="thread.test09" time="0">
    <skipped/>
  </testcase>
  <testcase name="closeBroser" classname="thread.test09" time="0">
    <skipped/>
  </testcase>
  <testcase name="closeBroser" classname="thread.test09" time="0">
    <skipped/>
  </testcase>
  <testcase name="closeBroser" classname="thread.test09" time="0">
    <skipped/>
  </testcase>
  <testcase name="test" classname="thread.test08" time="0">
    <skipped/>
  </testcase>
  <testcase name="test" classname="thread.test08" time="0">
    <skipped/>
  </testcase>
  <testcase name="test" classname="thread.test08" time="0">
    <skipped/>
  </testcase>
  <testcase name="closeBroser" classname="thread.test08" time="0">
    <skipped/>
  </testcase>
  <testcase name="closeBroser" classname="thread.test08" time="0">
    <skipped/>
  </testcase>
  <testcase name="closeBroser" classname="thread.test08" time="0">
    <skipped/>
  </testcase>
  <testcase name="closeBroser" classname="thread.test08" time="0">
    <skipped/>
  </testcase>
  <testcase name="closeBroser" classname="thread.test08" time="0">
    <skipped/>
  </testcase>
  <testcase name="closeBroser" classname="thread.test08" time="0">
    <skipped/>
  </testcase>
  <testcase name="closeBroser" classname="thread.test08" time="0">
    <skipped/>
  </testcase>
  <testcase name="test" classname="thread.test07" time="0">
    <skipped/>
  </testcase>
  <testcase name="test" classname="thread.test07" time="0">
    <skipped/>
  </testcase>
  <testcase name="test" classname="thread.test07" time="0">
    <skipped/>
  </testcase>
  <testcase name="closeBroser" classname="thread.test07" time="0">
    <skipped/>
  </testcase>
  <testcase name="closeBroser" classname="thread.test07" time="0">
    <skipped/>
  </testcase>
  <testcase name="closeBroser" classname="thread.test07" time="0">
    <skipped/>
  </testcase>
  <testcase name="closeBroser" classname="thread.test07" time="0">
    <skipped/>
  </testcase>
  <testcase name="closeBroser" classname="thread.test07" time="0">
    <skipped/>
  </testcase>
  <testcase name="closeBroser" classname="thread.test07" time="0">
    <skipped/>
  </testcase>
  <testcase name="closeBroser" classname="thread.test07" time="0">
    <skipped/>
  </testcase>
  <testcase name="test2" classname="thread.test09" time="0">
    <skipped/>
  </testcase>
  <testcase name="test2" classname="thread.test09" time="0">
    <skipped/>
  </testcase>
  <testcase name="test2" classname="thread.test09" time="0">
    <skipped/>
  </testcase>
  <testcase name="m" classname="thread.test09" time="0">
    <skipped/>
  </testcase>
  <testcase name="test2" classname="thread.test08" time="0">
    <skipped/>
  </testcase>
  <testcase name="test2" classname="thread.test08" time="0">
    <skipped/>
  </testcase>
  <testcase name="test2" classname="thread.test08" time="0">
    <skipped/>
  </testcase>
  <testcase name="m" classname="thread.test08" time="0">
    <skipped/>
  </testcase>
  <testcase name="test2" classname="thread.test07" time="0">
    <skipped/>
  </testcase>
  <testcase name="test2" classname="thread.test07" time="0">
    <skipped/>
  </testcase>
  <testcase name="test2" classname="thread.test07" time="0">
    <skipped/>
  </testcase>
  <testcase name="m" classname="thread.test07" time="0">
    <skipped/>
  </testcase>
</testsuite>