<?xml version="1.0" encoding="UTF-8"?>
<testng-results skipped="21" failed="0" total="21" passed="0">
  <reporter-output>
  </reporter-output>
  <suite name="Custom suite" duration-ms="28838" started-at="2020-05-08T11:17:23Z" finished-at="2020-05-08T11:17:52Z">
    <groups>
    </groups>
    <test name="webDriverTest01" duration-ms="28838" started-at="2020-05-08T11:17:23Z" finished-at="2020-05-08T11:17:52Z">
      <class name="thread.test07">
        <test-method status="FAIL" signature="openBroser()[pri:0, instance:thread.test07@3498ed]" name="openBroser" is-config="true" duration-ms="0" started-at="2020-05-08T19:17:23Z" finished-at="2020-05-08T19:17:23Z">
          <exception class="org.openqa.selenium.remote.UnreachableBrowserException">
            <message>
              <![CDATA[Could not start a new session. Possible causes are invalid address of the remote server or browser start-up failure.
Build info: version: '3.141.59', revision: 'e82be7d358', time: '2018-11-14T08:17:03'
System info: host: 'WINDOWS-H6I2TEN', ip: '192.168.43.105', os.name: 'Windows 8', os.arch: 'amd64', os.version: '6.2', java.version: '1.8.0_181'
Driver info: driver.version: RemoteWebDriver]]>
            </message>
            <full-stacktrace>
              <![CDATA[org.openqa.selenium.remote.UnreachableBrowserException: Could not start a new session. Possible causes are invalid address of the remote server or browser start-up failure.
Build info: version: '3.141.59', revision: 'e82be7d358', time: '2018-11-14T08:17:03'
System info: host: 'WINDOWS-H6I2TEN', ip: '192.168.43.105', os.name: 'Windows 8', os.arch: 'amd64', os.version: '6.2', java.version: '1.8.0_181'
Driver info: driver.version: RemoteWebDriver
	at org.openqa.selenium.remote.RemoteWebDriver.execute(RemoteWebDriver.java:573)
	at org.openqa.selenium.remote.RemoteWebDriver.startSession(RemoteWebDriver.java:213)
	at org.openqa.selenium.remote.RemoteWebDriver.<init>(RemoteWebDriver.java:131)
	at org.openqa.selenium.remote.RemoteWebDriver.<init>(RemoteWebDriver.java:144)
	at thread.test07.openBroser(test07.java:26)
	at sun.reflect.NativeMethodAccessorImpl.invoke0(Native Method)
	at sun.reflect.NativeMethodAccessorImpl.invoke(NativeMethodAccessorImpl.java:62)
	at sun.reflect.DelegatingMethodAccessorImpl.invoke(DelegatingMethodAccessorImpl.java:43)
	at java.lang.reflect.Method.invoke(Method.java:498)
	at org.testng.internal.MethodInvocationHelper.invokeMethod(MethodInvocationHelper.java:85)
	at org.testng.internal.Invoker.invokeConfigurationMethod(Invoker.java:510)
	at org.testng.internal.Invoker.invokeConfigurations(Invoker.java:211)
	at org.testng.internal.Invoker.invokeMethod(Invoker.java:585)
	at org.testng.internal.Invoker.invokeTestMethod(Invoker.java:816)
	at org.testng.internal.Invoker.invokeTestMethods(Invoker.java:1124)
	at org.testng.internal.TestMethodWorker.invokeTestMethods(TestMethodWorker.java:125)
	at org.testng.internal.TestMethodWorker.run(TestMethodWorker.java:108)
	at java.util.concurrent.ThreadPoolExecutor.runWorker(ThreadPoolExecutor.java:1149)
	at java.util.concurrent.ThreadPoolExecutor$Worker.run(ThreadPoolExecutor.java:624)
	at java.lang.Thread.run(Thread.java:748)
Caused by: java.net.ConnectException: Failed to connect to /192.168.1.23:4444
	at okhttp3.internal.connection.RealConnection.connectSocket(RealConnection.java:247)
	at okhttp3.internal.connection.RealConnection.connect(RealConnection.java:165)
	at okhttp3.internal.connection.StreamAllocation.findConnection(StreamAllocation.java:257)
	at okhttp3.internal.connection.StreamAllocation.findHealthyConnection(StreamAllocation.java:135)
	at okhttp3.internal.connection.StreamAllocation.newStream(StreamAllocation.java:114)
	at okhttp3.internal.connection.ConnectInterceptor.intercept(ConnectInterceptor.java:42)
	at okhttp3.internal.http.RealInterceptorChain.proceed(RealInterceptorChain.java:147)
	at okhttp3.internal.http.RealInterceptorChain.proceed(RealInterceptorChain.java:121)
	at okhttp3.internal.cache.CacheInterceptor.intercept(CacheInterceptor.java:93)
	at okhttp3.internal.http.RealInterceptorChain.proceed(RealInterceptorChain.java:147)
	at okhttp3.internal.http.RealInterceptorChain.proceed(RealInterceptorChain.java:121)
	at okhttp3.internal.http.BridgeInterceptor.intercept(BridgeInterceptor.java:93)
	at okhttp3.internal.http.RealInterceptorChain.proceed(RealInterceptorChain.java:147)
	at okhttp3.internal.http.RetryAndFollowUpInterceptor.intercept(RetryAndFollowUpInterceptor.java:126)
	at okhttp3.internal.http.RealInterceptorChain.proceed(RealInterceptorChain.java:147)
	at okhttp3.internal.http.RealInterceptorChain.proceed(RealInterceptorChain.java:121)
	at okhttp3.RealCall.getResponseWithInterceptorChain(RealCall.java:200)
	at okhttp3.RealCall.execute(RealCall.java:77)
	at org.openqa.selenium.remote.internal.OkHttpClient.execute(OkHttpClient.java:103)
	at org.openqa.selenium.remote.ProtocolHandshake.createSession(ProtocolHandshake.java:105)
	at org.openqa.selenium.remote.ProtocolHandshake.createSession(ProtocolHandshake.java:74)
	at org.openqa.selenium.remote.HttpCommandExecutor.execute(HttpCommandExecutor.java:136)
	at org.openqa.selenium.remote.RemoteWebDriver.execute(RemoteWebDriver.java:552)
	... 19 more
Caused by: java.net.ConnectException: Connection timed out: connect
	at java.net.DualStackPlainSocketImpl.waitForConnect(Native Method)
	at java.net.DualStackPlainSocketImpl.socketConnect(DualStackPlainSocketImpl.java:85)
	at java.net.AbstractPlainSocketImpl.doConnect(AbstractPlainSocketImpl.java:350)
	at java.net.AbstractPlainSocketImpl.connectToAddress(AbstractPlainSocketImpl.java:206)
	at java.net.AbstractPlainSocketImpl.connect(AbstractPlainSocketImpl.java:188)
	at java.net.PlainSocketImpl.connect(PlainSocketImpl.java:172)
	at java.net.SocksSocketImpl.connect(SocksSocketImpl.java:392)
	at java.net.Socket.connect(Socket.java:589)
	at okhttp3.internal.platform.Platform.connectSocket(Platform.java:129)
	at okhttp3.internal.connection.RealConnection.connectSocket(RealConnection.java:245)
	... 41 more
]]>
            </full-stacktrace>
          </exception> <!-- org.openqa.selenium.remote.UnreachableBrowserException -->
          <reporter-output>
          </reporter-output>
        </test-method> <!-- openBroser -->
        <test-method status="SKIP" signature="test(java.lang.String)[pri:0, instance:thread.test07@3498ed]" name="test" duration-ms="5" started-at="2020-05-08T19:17:52Z" data-provider="word" finished-at="2020-05-08T19:17:52Z">
          <params>
            <param index="0">
              <value>
                <![CDATA[A]]>
              </value>
            </param>
          </params>
          <reporter-output>
          </reporter-output>
        </test-method> <!-- test -->
        <test-method status="SKIP" signature="openBroser()[pri:0, instance:thread.test07@3498ed]" name="openBroser" is-config="true" duration-ms="0" started-at="2020-05-08T19:17:52Z" finished-at="2020-05-08T19:17:52Z">
          <reporter-output>
          </reporter-output>
        </test-method> <!-- openBroser -->
        <test-method status="SKIP" signature="test(java.lang.String)[pri:0, instance:thread.test07@3498ed]" name="test" duration-ms="0" started-at="2020-05-08T19:17:52Z" data-provider="word" finished-at="2020-05-08T19:17:52Z">
          <params>
            <param index="0">
              <value>
                <![CDATA[B]]>
              </value>
            </param>
          </params>
          <reporter-output>
          </reporter-output>
        </test-method> <!-- test -->
        <test-method status="SKIP" signature="closeBroser()[pri:0, instance:thread.test07@3498ed]" name="closeBroser" is-config="true" duration-ms="0" started-at="2020-05-08T19:17:52Z" finished-at="2020-05-08T19:17:52Z">
          <reporter-output>
          </reporter-output>
        </test-method> <!-- closeBroser -->
        <test-method status="SKIP" signature="closeBroser()[pri:0, instance:thread.test07@3498ed]" name="closeBroser" is-config="true" duration-ms="0" started-at="2020-05-08T19:17:52Z" finished-at="2020-05-08T19:17:52Z">
          <reporter-output>
          </reporter-output>
        </test-method> <!-- closeBroser -->
        <test-method status="SKIP" signature="openBroser()[pri:0, instance:thread.test07@3498ed]" name="openBroser" is-config="true" duration-ms="0" started-at="2020-05-08T19:17:52Z" finished-at="2020-05-08T19:17:52Z">
          <reporter-output>
          </reporter-output>
        </test-method> <!-- openBroser -->
        <test-method status="SKIP" signature="test(java.lang.String)[pri:0, instance:thread.test07@3498ed]" name="test" duration-ms="0" started-at="2020-05-08T19:17:52Z" data-provider="word" finished-at="2020-05-08T19:17:52Z">
          <params>
            <param index="0">
              <value>
                <![CDATA[C]]>
              </value>
            </param>
          </params>
          <reporter-output>
          </reporter-output>
        </test-method> <!-- test -->
        <test-method status="SKIP" signature="closeBroser()[pri:0, instance:thread.test07@3498ed]" name="closeBroser" is-config="true" duration-ms="0" started-at="2020-05-08T19:17:52Z" finished-at="2020-05-08T19:17:52Z">
          <reporter-output>
          </reporter-output>
        </test-method> <!-- closeBroser -->
        <test-method status="SKIP" signature="openBroser()[pri:0, instance:thread.test07@3498ed]" name="openBroser" is-config="true" duration-ms="0" started-at="2020-05-08T19:17:52Z" finished-at="2020-05-08T19:17:52Z">
          <reporter-output>
          </reporter-output>
        </test-method> <!-- openBroser -->
        <test-method status="SKIP" signature="test2(java.lang.String)[pri:0, instance:thread.test07@3498ed]" name="test2" duration-ms="0" started-at="2020-05-08T19:17:52Z" data-provider="word" finished-at="2020-05-08T19:17:52Z">
          <params>
            <param index="0">
              <value>
                <![CDATA[A]]>
              </value>
            </param>
          </params>
          <reporter-output>
          </reporter-output>
        </test-method> <!-- test2 -->
        <test-method status="SKIP" signature="openBroser()[pri:0, instance:thread.test07@3498ed]" name="openBroser" is-config="true" duration-ms="0" started-at="2020-05-08T19:17:52Z" finished-at="2020-05-08T19:17:52Z">
          <reporter-output>
          </reporter-output>
        </test-method> <!-- openBroser -->
        <test-method status="SKIP" signature="test2(java.lang.String)[pri:0, instance:thread.test07@3498ed]" name="test2" duration-ms="0" started-at="2020-05-08T19:17:52Z" data-provider="word" finished-at="2020-05-08T19:17:52Z">
          <params>
            <param index="0">
              <value>
                <![CDATA[B]]>
              </value>
            </param>
          </params>
          <reporter-output>
          </reporter-output>
        </test-method> <!-- test2 -->
        <test-method status="SKIP" signature="closeBroser()[pri:0, instance:thread.test07@3498ed]" name="closeBroser" is-config="true" duration-ms="0" started-at="2020-05-08T19:17:52Z" finished-at="2020-05-08T19:17:52Z">
          <reporter-output>
          </reporter-output>
        </test-method> <!-- closeBroser -->
        <test-method status="SKIP" signature="closeBroser()[pri:0, instance:thread.test07@3498ed]" name="closeBroser" is-config="true" duration-ms="0" started-at="2020-05-08T19:17:52Z" finished-at="2020-05-08T19:17:52Z">
          <reporter-output>
          </reporter-output>
        </test-method> <!-- closeBroser -->
        <test-method status="SKIP" signature="openBroser()[pri:0, instance:thread.test07@3498ed]" name="openBroser" is-config="true" duration-ms="0" started-at="2020-05-08T19:17:52Z" finished-at="2020-05-08T19:17:52Z">
          <reporter-output>
          </reporter-output>
        </test-method> <!-- openBroser -->
        <test-method status="SKIP" signature="test2(java.lang.String)[pri:0, instance:thread.test07@3498ed]" name="test2" duration-ms="0" started-at="2020-05-08T19:17:52Z" data-provider="word" finished-at="2020-05-08T19:17:52Z">
          <params>
            <param index="0">
              <value>
                <![CDATA[C]]>
              </value>
            </param>
          </params>
          <reporter-output>
          </reporter-output>
        </test-method> <!-- test2 -->
        <test-method status="SKIP" signature="closeBroser()[pri:0, instance:thread.test07@3498ed]" name="closeBroser" is-config="true" duration-ms="0" started-at="2020-05-08T19:17:52Z" finished-at="2020-05-08T19:17:52Z">
          <reporter-output>
          </reporter-output>
        </test-method> <!-- closeBroser -->
        <test-method status="SKIP" signature="closeBroser()[pri:0, instance:thread.test07@3498ed]" name="closeBroser" is-config="true" duration-ms="0" started-at="2020-05-08T19:17:52Z" finished-at="2020-05-08T19:17:52Z">
          <reporter-output>
          </reporter-output>
        </test-method> <!-- closeBroser -->
        <test-method status="SKIP" signature="openBroser()[pri:0, instance:thread.test07@3498ed]" name="openBroser" is-config="true" duration-ms="0" started-at="2020-05-08T19:17:52Z" finished-at="2020-05-08T19:17:52Z">
          <reporter-output>
          </reporter-output>
        </test-method> <!-- openBroser -->
        <test-method status="SKIP" signature="m()[pri:0, instance:thread.test07@3498ed]" name="m" duration-ms="0" started-at="2020-05-08T19:17:52Z" finished-at="2020-05-08T19:17:52Z">
          <reporter-output>
          </reporter-output>
        </test-method> <!-- m -->
      </class> <!-- thread.test07 -->
      <class name="thread.test09">
        <test-method status="FAIL" signature="openBroser()[pri:0, instance:thread.test09@3d8c7aca]" name="openBroser" is-config="true" duration-ms="0" started-at="2020-05-08T19:17:23Z" finished-at="2020-05-08T19:17:23Z">
          <exception class="org.openqa.selenium.remote.UnreachableBrowserException">
            <message>
              <![CDATA[Could not start a new session. Possible causes are invalid address of the remote server or browser start-up failure.
Build info: version: '3.141.59', revision: 'e82be7d358', time: '2018-11-14T08:17:03'
System info: host: 'WINDOWS-H6I2TEN', ip: '192.168.43.105', os.name: 'Windows 8', os.arch: 'amd64', os.version: '6.2', java.version: '1.8.0_181'
Driver info: driver.version: RemoteWebDriver]]>
            </message>
            <full-stacktrace>
              <![CDATA[org.openqa.selenium.remote.UnreachableBrowserException: Could not start a new session. Possible causes are invalid address of the remote server or browser start-up failure.
Build info: version: '3.141.59', revision: 'e82be7d358', time: '2018-11-14T08:17:03'
System info: host: 'WINDOWS-H6I2TEN', ip: '192.168.43.105', os.name: 'Windows 8', os.arch: 'amd64', os.version: '6.2', java.version: '1.8.0_181'
Driver info: driver.version: RemoteWebDriver
	at org.openqa.selenium.remote.RemoteWebDriver.execute(RemoteWebDriver.java:573)
	at org.openqa.selenium.remote.RemoteWebDriver.startSession(RemoteWebDriver.java:213)
	at org.openqa.selenium.remote.RemoteWebDriver.<init>(RemoteWebDriver.java:131)
	at org.openqa.selenium.remote.RemoteWebDriver.<init>(RemoteWebDriver.java:144)
	at thread.test09.openBroser(test09.java:25)
	at sun.reflect.NativeMethodAccessorImpl.invoke0(Native Method)
	at sun.reflect.NativeMethodAccessorImpl.invoke(NativeMethodAccessorImpl.java:62)
	at sun.reflect.DelegatingMethodAccessorImpl.invoke(DelegatingMethodAccessorImpl.java:43)
	at java.lang.reflect.Method.invoke(Method.java:498)
	at org.testng.internal.MethodInvocationHelper.invokeMethod(MethodInvocationHelper.java:85)
	at org.testng.internal.Invoker.invokeConfigurationMethod(Invoker.java:510)
	at org.testng.internal.Invoker.invokeConfigurations(Invoker.java:211)
	at org.testng.internal.Invoker.invokeMethod(Invoker.java:585)
	at org.testng.internal.Invoker.invokeTestMethod(Invoker.java:816)
	at org.testng.internal.Invoker.invokeTestMethods(Invoker.java:1124)
	at org.testng.internal.TestMethodWorker.invokeTestMethods(TestMethodWorker.java:125)
	at org.testng.internal.TestMethodWorker.run(TestMethodWorker.java:108)
	at java.util.concurrent.ThreadPoolExecutor.runWorker(ThreadPoolExecutor.java:1149)
	at java.util.concurrent.ThreadPoolExecutor$Worker.run(ThreadPoolExecutor.java:624)
	at java.lang.Thread.run(Thread.java:748)
Caused by: java.net.ConnectException: Failed to connect to /192.168.1.23:4444
	at okhttp3.internal.connection.RealConnection.connectSocket(RealConnection.java:247)
	at okhttp3.internal.connection.RealConnection.connect(RealConnection.java:165)
	at okhttp3.internal.connection.StreamAllocation.findConnection(StreamAllocation.java:257)
	at okhttp3.internal.connection.StreamAllocation.findHealthyConnection(StreamAllocation.java:135)
	at okhttp3.internal.connection.StreamAllocation.newStream(StreamAllocation.java:114)
	at okhttp3.internal.connection.ConnectInterceptor.intercept(ConnectInterceptor.java:42)
	at okhttp3.internal.http.RealInterceptorChain.proceed(RealInterceptorChain.java:147)
	at okhttp3.internal.http.RealInterceptorChain.proceed(RealInterceptorChain.java:121)
	at okhttp3.internal.cache.CacheInterceptor.intercept(CacheInterceptor.java:93)
	at okhttp3.internal.http.RealInterceptorChain.proceed(RealInterceptorChain.java:147)
	at okhttp3.internal.http.RealInterceptorChain.proceed(RealInterceptorChain.java:121)
	at okhttp3.internal.http.BridgeInterceptor.intercept(BridgeInterceptor.java:93)
	at okhttp3.internal.http.RealInterceptorChain.proceed(RealInterceptorChain.java:147)
	at okhttp3.internal.http.RetryAndFollowUpInterceptor.intercept(RetryAndFollowUpInterceptor.java:126)
	at okhttp3.internal.http.RealInterceptorChain.proceed(RealInterceptorChain.java:147)
	at okhttp3.internal.http.RealInterceptorChain.proceed(RealInterceptorChain.java:121)
	at okhttp3.RealCall.getResponseWithInterceptorChain(RealCall.java:200)
	at okhttp3.RealCall.execute(RealCall.java:77)
	at org.openqa.selenium.remote.internal.OkHttpClient.execute(OkHttpClient.java:103)
	at org.openqa.selenium.remote.ProtocolHandshake.createSession(ProtocolHandshake.java:105)
	at org.openqa.selenium.remote.ProtocolHandshake.createSession(ProtocolHandshake.java:74)
	at org.openqa.selenium.remote.HttpCommandExecutor.execute(HttpCommandExecutor.java:136)
	at org.openqa.selenium.remote.RemoteWebDriver.execute(RemoteWebDriver.java:552)
	... 19 more
Caused by: java.net.ConnectException: Connection timed out: connect
	at java.net.DualStackPlainSocketImpl.waitForConnect(Native Method)
	at java.net.DualStackPlainSocketImpl.socketConnect(DualStackPlainSocketImpl.java:85)
	at java.net.AbstractPlainSocketImpl.doConnect(AbstractPlainSocketImpl.java:350)
	at java.net.AbstractPlainSocketImpl.connectToAddress(AbstractPlainSocketImpl.java:206)
	at java.net.AbstractPlainSocketImpl.connect(AbstractPlainSocketImpl.java:188)
	at java.net.PlainSocketImpl.connect(PlainSocketImpl.java:172)
	at java.net.SocksSocketImpl.connect(SocksSocketImpl.java:392)
	at java.net.Socket.connect(Socket.java:589)
	at okhttp3.internal.platform.Platform.connectSocket(Platform.java:129)
	at okhttp3.internal.connection.RealConnection.connectSocket(RealConnection.java:245)
	... 41 more
]]>
            </full-stacktrace>
          </exception> <!-- org.openqa.selenium.remote.UnreachableBrowserException -->
          <reporter-output>
          </reporter-output>
        </test-method> <!-- openBroser -->
        <test-method status="SKIP" signature="test(java.lang.String)[pri:0, instance:thread.test09@3d8c7aca]" name="test" duration-ms="1" started-at="2020-05-08T19:17:52Z" data-provider="word" finished-at="2020-05-08T19:17:52Z">
          <params>
            <param index="0">
              <value>
                <![CDATA[b]]>
              </value>
            </param>
          </params>
          <reporter-output>
          </reporter-output>
        </test-method> <!-- test -->
        <test-method status="SKIP" signature="closeBroser()[pri:0, instance:thread.test09@3d8c7aca]" name="closeBroser" is-config="true" duration-ms="0" started-at="2020-05-08T19:17:52Z" finished-at="2020-05-08T19:17:52Z">
          <reporter-output>
          </reporter-output>
        </test-method> <!-- closeBroser -->
        <test-method status="SKIP" signature="openBroser()[pri:0, instance:thread.test09@3d8c7aca]" name="openBroser" is-config="true" duration-ms="0" started-at="2020-05-08T19:17:52Z" finished-at="2020-05-08T19:17:52Z">
          <reporter-output>
          </reporter-output>
        </test-method> <!-- openBroser -->
        <test-method status="SKIP" signature="openBroser()[pri:0, instance:thread.test09@3d8c7aca]" name="openBroser" is-config="true" duration-ms="0" started-at="2020-05-08T19:17:52Z" finished-at="2020-05-08T19:17:52Z">
          <reporter-output>
          </reporter-output>
        </test-method> <!-- openBroser -->
        <test-method status="SKIP" signature="test(java.lang.String)[pri:0, instance:thread.test09@3d8c7aca]" name="test" duration-ms="0" started-at="2020-05-08T19:17:52Z" data-provider="word" finished-at="2020-05-08T19:17:52Z">
          <params>
            <param index="0">
              <value>
                <![CDATA[c]]>
              </value>
            </param>
          </params>
          <reporter-output>
          </reporter-output>
        </test-method> <!-- test -->
        <test-method status="SKIP" signature="closeBroser()[pri:0, instance:thread.test09@3d8c7aca]" name="closeBroser" is-config="true" duration-ms="0" started-at="2020-05-08T19:17:52Z" finished-at="2020-05-08T19:17:52Z">
          <reporter-output>
          </reporter-output>
        </test-method> <!-- closeBroser -->
        <test-method status="SKIP" signature="test(java.lang.String)[pri:0, instance:thread.test09@3d8c7aca]" name="test" duration-ms="0" started-at="2020-05-08T19:17:52Z" data-provider="word" finished-at="2020-05-08T19:17:52Z">
          <params>
            <param index="0">
              <value>
                <![CDATA[a]]>
              </value>
            </param>
          </params>
          <reporter-output>
          </reporter-output>
        </test-method> <!-- test -->
        <test-method status="SKIP" signature="closeBroser()[pri:0, instance:thread.test09@3d8c7aca]" name="closeBroser" is-config="true" duration-ms="0" started-at="2020-05-08T19:17:52Z" finished-at="2020-05-08T19:17:52Z">
          <reporter-output>
          </reporter-output>
        </test-method> <!-- closeBroser -->
        <test-method status="SKIP" signature="openBroser()[pri:0, instance:thread.test09@3d8c7aca]" name="openBroser" is-config="true" duration-ms="0" started-at="2020-05-08T19:17:52Z" finished-at="2020-05-08T19:17:52Z">
          <reporter-output>
          </reporter-output>
        </test-method> <!-- openBroser -->
        <test-method status="SKIP" signature="closeBroser()[pri:0, instance:thread.test09@3d8c7aca]" name="closeBroser" is-config="true" duration-ms="0" started-at="2020-05-08T19:17:52Z" finished-at="2020-05-08T19:17:52Z">
          <reporter-output>
          </reporter-output>
        </test-method> <!-- closeBroser -->
        <test-method status="SKIP" signature="test2(java.lang.String)[pri:0, instance:thread.test09@3d8c7aca]" name="test2" duration-ms="0" started-at="2020-05-08T19:17:52Z" data-provider="word" finished-at="2020-05-08T19:17:52Z">
          <params>
            <param index="0">
              <value>
                <![CDATA[b]]>
              </value>
            </param>
          </params>
          <reporter-output>
          </reporter-output>
        </test-method> <!-- test2 -->
        <test-method status="SKIP" signature="openBroser()[pri:0, instance:thread.test09@3d8c7aca]" name="openBroser" is-config="true" duration-ms="0" started-at="2020-05-08T19:17:52Z" finished-at="2020-05-08T19:17:52Z">
          <reporter-output>
          </reporter-output>
        </test-method> <!-- openBroser -->
        <test-method status="SKIP" signature="test2(java.lang.String)[pri:0, instance:thread.test09@3d8c7aca]" name="test2" duration-ms="0" started-at="2020-05-08T19:17:52Z" data-provider="word" finished-at="2020-05-08T19:17:52Z">
          <params>
            <param index="0">
              <value>
                <![CDATA[c]]>
              </value>
            </param>
          </params>
          <reporter-output>
          </reporter-output>
        </test-method> <!-- test2 -->
        <test-method status="SKIP" signature="test2(java.lang.String)[pri:0, instance:thread.test09@3d8c7aca]" name="test2" duration-ms="0" started-at="2020-05-08T19:17:52Z" data-provider="word" finished-at="2020-05-08T19:17:52Z">
          <params>
            <param index="0">
              <value>
                <![CDATA[a]]>
              </value>
            </param>
          </params>
          <reporter-output>
          </reporter-output>
        </test-method> <!-- test2 -->
        <test-method status="SKIP" signature="closeBroser()[pri:0, instance:thread.test09@3d8c7aca]" name="closeBroser" is-config="true" duration-ms="0" started-at="2020-05-08T19:17:52Z" finished-at="2020-05-08T19:17:52Z">
          <reporter-output>
          </reporter-output>
        </test-method> <!-- closeBroser -->
        <test-method status="SKIP" signature="closeBroser()[pri:0, instance:thread.test09@3d8c7aca]" name="closeBroser" is-config="true" duration-ms="0" started-at="2020-05-08T19:17:52Z" finished-at="2020-05-08T19:17:52Z">
          <reporter-output>
          </reporter-output>
        </test-method> <!-- closeBroser -->
        <test-method status="SKIP" signature="openBroser()[pri:0, instance:thread.test09@3d8c7aca]" name="openBroser" is-config="true" duration-ms="0" started-at="2020-05-08T19:17:52Z" finished-at="2020-05-08T19:17:52Z">
          <reporter-output>
          </reporter-output>
        </test-method> <!-- openBroser -->
        <test-method status="SKIP" signature="openBroser()[pri:0, instance:thread.test09@3d8c7aca]" name="openBroser" is-config="true" duration-ms="0" started-at="2020-05-08T19:17:52Z" finished-at="2020-05-08T19:17:52Z">
          <reporter-output>
          </reporter-output>
        </test-method> <!-- openBroser -->
        <test-method status="SKIP" signature="m()[pri:0, instance:thread.test09@3d8c7aca]" name="m" duration-ms="1" started-at="2020-05-08T19:17:52Z" finished-at="2020-05-08T19:17:52Z">
          <reporter-output>
          </reporter-output>
        </test-method> <!-- m -->
        <test-method status="SKIP" signature="closeBroser()[pri:0, instance:thread.test09@3d8c7aca]" name="closeBroser" is-config="true" duration-ms="0" started-at="2020-05-08T19:17:52Z" finished-at="2020-05-08T19:17:52Z">
          <reporter-output>
          </reporter-output>
        </test-method> <!-- closeBroser -->
      </class> <!-- thread.test09 -->
      <class name="thread.test08">
        <test-method status="FAIL" signature="openBroser()[pri:0, instance:thread.test08@1a407d53]" name="openBroser" is-config="true" duration-ms="0" started-at="2020-05-08T19:17:23Z" finished-at="2020-05-08T19:17:23Z">
          <exception class="org.openqa.selenium.remote.UnreachableBrowserException">
            <message>
              <![CDATA[Could not start a new session. Possible causes are invalid address of the remote server or browser start-up failure.
Build info: version: '3.141.59', revision: 'e82be7d358', time: '2018-11-14T08:17:03'
System info: host: 'WINDOWS-H6I2TEN', ip: '192.168.43.105', os.name: 'Windows 8', os.arch: 'amd64', os.version: '6.2', java.version: '1.8.0_181'
Driver info: driver.version: RemoteWebDriver]]>
            </message>
            <full-stacktrace>
              <![CDATA[org.openqa.selenium.remote.UnreachableBrowserException: Could not start a new session. Possible causes are invalid address of the remote server or browser start-up failure.
Build info: version: '3.141.59', revision: 'e82be7d358', time: '2018-11-14T08:17:03'
System info: host: 'WINDOWS-H6I2TEN', ip: '192.168.43.105', os.name: 'Windows 8', os.arch: 'amd64', os.version: '6.2', java.version: '1.8.0_181'
Driver info: driver.version: RemoteWebDriver
	at org.openqa.selenium.remote.RemoteWebDriver.execute(RemoteWebDriver.java:573)
	at org.openqa.selenium.remote.RemoteWebDriver.startSession(RemoteWebDriver.java:213)
	at org.openqa.selenium.remote.RemoteWebDriver.<init>(RemoteWebDriver.java:131)
	at org.openqa.selenium.remote.RemoteWebDriver.<init>(RemoteWebDriver.java:144)
	at thread.test08.openBroser(test08.java:26)
	at sun.reflect.NativeMethodAccessorImpl.invoke0(Native Method)
	at sun.reflect.NativeMethodAccessorImpl.invoke(NativeMethodAccessorImpl.java:62)
	at sun.reflect.DelegatingMethodAccessorImpl.invoke(DelegatingMethodAccessorImpl.java:43)
	at java.lang.reflect.Method.invoke(Method.java:498)
	at org.testng.internal.MethodInvocationHelper.invokeMethod(MethodInvocationHelper.java:85)
	at org.testng.internal.Invoker.invokeConfigurationMethod(Invoker.java:510)
	at org.testng.internal.Invoker.invokeConfigurations(Invoker.java:211)
	at org.testng.internal.Invoker.invokeMethod(Invoker.java:585)
	at org.testng.internal.Invoker.invokeTestMethod(Invoker.java:816)
	at org.testng.internal.Invoker.invokeTestMethods(Invoker.java:1124)
	at org.testng.internal.TestMethodWorker.invokeTestMethods(TestMethodWorker.java:125)
	at org.testng.internal.TestMethodWorker.run(TestMethodWorker.java:108)
	at java.util.concurrent.ThreadPoolExecutor.runWorker(ThreadPoolExecutor.java:1149)
	at java.util.concurrent.ThreadPoolExecutor$Worker.run(ThreadPoolExecutor.java:624)
	at java.lang.Thread.run(Thread.java:748)
Caused by: java.net.ConnectException: Failed to connect to /192.168.1.23:4444
	at okhttp3.internal.connection.RealConnection.connectSocket(RealConnection.java:247)
	at okhttp3.internal.connection.RealConnection.connect(RealConnection.java:165)
	at okhttp3.internal.connection.StreamAllocation.findConnection(StreamAllocation.java:257)
	at okhttp3.internal.connection.StreamAllocation.findHealthyConnection(StreamAllocation.java:135)
	at okhttp3.internal.connection.StreamAllocation.newStream(StreamAllocation.java:114)
	at okhttp3.internal.connection.ConnectInterceptor.intercept(ConnectInterceptor.java:42)
	at okhttp3.internal.http.RealInterceptorChain.proceed(RealInterceptorChain.java:147)
	at okhttp3.internal.http.RealInterceptorChain.proceed(RealInterceptorChain.java:121)
	at okhttp3.internal.cache.CacheInterceptor.intercept(CacheInterceptor.java:93)
	at okhttp3.internal.http.RealInterceptorChain.proceed(RealInterceptorChain.java:147)
	at okhttp3.internal.http.RealInterceptorChain.proceed(RealInterceptorChain.java:121)
	at okhttp3.internal.http.BridgeInterceptor.intercept(BridgeInterceptor.java:93)
	at okhttp3.internal.http.RealInterceptorChain.proceed(RealInterceptorChain.java:147)
	at okhttp3.internal.http.RetryAndFollowUpInterceptor.intercept(RetryAndFollowUpInterceptor.java:126)
	at okhttp3.internal.http.RealInterceptorChain.proceed(RealInterceptorChain.java:147)
	at okhttp3.internal.http.RealInterceptorChain.proceed(RealInterceptorChain.java:121)
	at okhttp3.RealCall.getResponseWithInterceptorChain(RealCall.java:200)
	at okhttp3.RealCall.execute(RealCall.java:77)
	at org.openqa.selenium.remote.internal.OkHttpClient.execute(OkHttpClient.java:103)
	at org.openqa.selenium.remote.ProtocolHandshake.createSession(ProtocolHandshake.java:105)
	at org.openqa.selenium.remote.ProtocolHandshake.createSession(ProtocolHandshake.java:74)
	at org.openqa.selenium.remote.HttpCommandExecutor.execute(HttpCommandExecutor.java:136)
	at org.openqa.selenium.remote.RemoteWebDriver.execute(RemoteWebDriver.java:552)
	... 19 more
Caused by: java.net.ConnectException: Connection timed out: connect
	at java.net.DualStackPlainSocketImpl.waitForConnect(Native Method)
	at java.net.DualStackPlainSocketImpl.socketConnect(DualStackPlainSocketImpl.java:85)
	at java.net.AbstractPlainSocketImpl.doConnect(AbstractPlainSocketImpl.java:350)
	at java.net.AbstractPlainSocketImpl.connectToAddress(AbstractPlainSocketImpl.java:206)
	at java.net.AbstractPlainSocketImpl.connect(AbstractPlainSocketImpl.java:188)
	at java.net.PlainSocketImpl.connect(PlainSocketImpl.java:172)
	at java.net.SocksSocketImpl.connect(SocksSocketImpl.java:392)
	at java.net.Socket.connect(Socket.java:589)
	at okhttp3.internal.platform.Platform.connectSocket(Platform.java:129)
	at okhttp3.internal.connection.RealConnection.connectSocket(RealConnection.java:245)
	... 41 more
]]>
            </full-stacktrace>
          </exception> <!-- org.openqa.selenium.remote.UnreachableBrowserException -->
          <reporter-output>
          </reporter-output>
        </test-method> <!-- openBroser -->
        <test-method status="SKIP" signature="test(java.lang.String)[pri:0, instance:thread.test08@1a407d53]" name="test" duration-ms="4" started-at="2020-05-08T19:17:52Z" data-provider="word" finished-at="2020-05-08T19:17:52Z">
          <params>
            <param index="0">
              <value>
                <![CDATA[b]]>
              </value>
            </param>
          </params>
          <reporter-output>
          </reporter-output>
        </test-method> <!-- test -->
        <test-method status="SKIP" signature="closeBroser()[pri:0, instance:thread.test08@1a407d53]" name="closeBroser" is-config="true" duration-ms="0" started-at="2020-05-08T19:17:52Z" finished-at="2020-05-08T19:17:52Z">
          <reporter-output>
          </reporter-output>
        </test-method> <!-- closeBroser -->
        <test-method status="SKIP" signature="openBroser()[pri:0, instance:thread.test08@1a407d53]" name="openBroser" is-config="true" duration-ms="0" started-at="2020-05-08T19:17:52Z" finished-at="2020-05-08T19:17:52Z">
          <reporter-output>
          </reporter-output>
        </test-method> <!-- openBroser -->
        <test-method status="SKIP" signature="test(java.lang.String)[pri:0, instance:thread.test08@1a407d53]" name="test" duration-ms="0" started-at="2020-05-08T19:17:52Z" data-provider="word" finished-at="2020-05-08T19:17:52Z">
          <params>
            <param index="0">
              <value>
                <![CDATA[c]]>
              </value>
            </param>
          </params>
          <reporter-output>
          </reporter-output>
        </test-method> <!-- test -->
        <test-method status="SKIP" signature="openBroser()[pri:0, instance:thread.test08@1a407d53]" name="openBroser" is-config="true" duration-ms="0" started-at="2020-05-08T19:17:52Z" finished-at="2020-05-08T19:17:52Z">
          <reporter-output>
          </reporter-output>
        </test-method> <!-- openBroser -->
        <test-method status="SKIP" signature="closeBroser()[pri:0, instance:thread.test08@1a407d53]" name="closeBroser" is-config="true" duration-ms="0" started-at="2020-05-08T19:17:52Z" finished-at="2020-05-08T19:17:52Z">
          <reporter-output>
          </reporter-output>
        </test-method> <!-- closeBroser -->
        <test-method status="SKIP" signature="test(java.lang.String)[pri:0, instance:thread.test08@1a407d53]" name="test" duration-ms="0" started-at="2020-05-08T19:17:52Z" data-provider="word" finished-at="2020-05-08T19:17:52Z">
          <params>
            <param index="0">
              <value>
                <![CDATA[a]]>
              </value>
            </param>
          </params>
          <reporter-output>
          </reporter-output>
        </test-method> <!-- test -->
        <test-method status="SKIP" signature="closeBroser()[pri:0, instance:thread.test08@1a407d53]" name="closeBroser" is-config="true" duration-ms="0" started-at="2020-05-08T19:17:52Z" finished-at="2020-05-08T19:17:52Z">
          <reporter-output>
          </reporter-output>
        </test-method> <!-- closeBroser -->
        <test-method status="SKIP" signature="openBroser()[pri:0, instance:thread.test08@1a407d53]" name="openBroser" is-config="true" duration-ms="0" started-at="2020-05-08T19:17:52Z" finished-at="2020-05-08T19:17:52Z">
          <reporter-output>
          </reporter-output>
        </test-method> <!-- openBroser -->
        <test-method status="SKIP" signature="test2(java.lang.String)[pri:0, instance:thread.test08@1a407d53]" name="test2" duration-ms="2" started-at="2020-05-08T19:17:52Z" data-provider="word" finished-at="2020-05-08T19:17:52Z">
          <params>
            <param index="0">
              <value>
                <![CDATA[b]]>
              </value>
            </param>
          </params>
          <reporter-output>
          </reporter-output>
        </test-method> <!-- test2 -->
        <test-method status="SKIP" signature="closeBroser()[pri:0, instance:thread.test08@1a407d53]" name="closeBroser" is-config="true" duration-ms="0" started-at="2020-05-08T19:17:52Z" finished-at="2020-05-08T19:17:52Z">
          <reporter-output>
          </reporter-output>
        </test-method> <!-- closeBroser -->
        <test-method status="SKIP" signature="openBroser()[pri:0, instance:thread.test08@1a407d53]" name="openBroser" is-config="true" duration-ms="0" started-at="2020-05-08T19:17:52Z" finished-at="2020-05-08T19:17:52Z">
          <reporter-output>
          </reporter-output>
        </test-method> <!-- openBroser -->
        <test-method status="SKIP" signature="test2(java.lang.String)[pri:0, instance:thread.test08@1a407d53]" name="test2" duration-ms="0" started-at="2020-05-08T19:17:52Z" data-provider="word" finished-at="2020-05-08T19:17:52Z">
          <params>
            <param index="0">
              <value>
                <![CDATA[c]]>
              </value>
            </param>
          </params>
          <reporter-output>
          </reporter-output>
        </test-method> <!-- test2 -->
        <test-method status="SKIP" signature="closeBroser()[pri:0, instance:thread.test08@1a407d53]" name="closeBroser" is-config="true" duration-ms="0" started-at="2020-05-08T19:17:52Z" finished-at="2020-05-08T19:17:52Z">
          <reporter-output>
          </reporter-output>
        </test-method> <!-- closeBroser -->
        <test-method status="SKIP" signature="test2(java.lang.String)[pri:0, instance:thread.test08@1a407d53]" name="test2" duration-ms="0" started-at="2020-05-08T19:17:52Z" data-provider="word" finished-at="2020-05-08T19:17:52Z">
          <params>
            <param index="0">
              <value>
                <![CDATA[a]]>
              </value>
            </param>
          </params>
          <reporter-output>
          </reporter-output>
        </test-method> <!-- test2 -->
        <test-method status="SKIP" signature="openBroser()[pri:0, instance:thread.test08@1a407d53]" name="openBroser" is-config="true" duration-ms="0" started-at="2020-05-08T19:17:52Z" finished-at="2020-05-08T19:17:52Z">
          <reporter-output>
          </reporter-output>
        </test-method> <!-- openBroser -->
        <test-method status="SKIP" signature="closeBroser()[pri:0, instance:thread.test08@1a407d53]" name="closeBroser" is-config="true" duration-ms="0" started-at="2020-05-08T19:17:52Z" finished-at="2020-05-08T19:17:52Z">
          <reporter-output>
          </reporter-output>
        </test-method> <!-- closeBroser -->
        <test-method status="SKIP" signature="m()[pri:0, instance:thread.test08@1a407d53]" name="m" duration-ms="0" started-at="2020-05-08T19:17:52Z" finished-at="2020-05-08T19:17:52Z">
          <reporter-output>
          </reporter-output>
        </test-method> <!-- m -->
        <test-method status="SKIP" signature="closeBroser()[pri:0, instance:thread.test08@1a407d53]" name="closeBroser" is-config="true" duration-ms="0" started-at="2020-05-08T19:17:52Z" finished-at="2020-05-08T19:17:52Z">
          <reporter-output>
          </reporter-output>
        </test-method> <!-- closeBroser -->
        <test-method status="SKIP" signature="openBroser()[pri:0, instance:thread.test08@1a407d53]" name="openBroser" is-config="true" duration-ms="0" started-at="2020-05-08T19:17:52Z" finished-at="2020-05-08T19:17:52Z">
          <reporter-output>
          </reporter-output>
        </test-method> <!-- openBroser -->
      </class> <!-- thread.test08 -->
    </test> <!-- webDriverTest01 -->
  </suite> <!-- Custom suite -->
</testng-results>
