<?xml version="1.0" encoding="UTF-8"?>
<!-- Generated by org.testng.reporters.JUnitXMLReporter -->
<testsuite hostname="WINDOWS-H6I2TEN" name="webDriverTest01" tests="21" failures="0" timestamp="8 May 2020 11:17:52 GMT" time="28.838" errors="0">
  <testcase name="@BeforeMethod openBroser" time="0.0" classname="thread.test08">
    <failure type="org.openqa.selenium.remote.UnreachableBrowserException" message="Could not start a new session. Possible causes are invalid address of the remote server or browser start-up failure.
Build info: version: &amp;apos;3.141.59&amp;apos;, revision: &amp;apos;e82be7d358&amp;apos;, time: &amp;apos;2018-11-14T08:17:03&amp;apos;
System info: host: &amp;apos;WINDOWS-H6I2TEN&amp;apos;, ip: &amp;apos;192.168.43.105&amp;apos;, os.name: &amp;apos;Windows 8&amp;apos;, os.arch: &amp;apos;amd64&amp;apos;, os.version: &amp;apos;6.2&amp;apos;, java.version: &amp;apos;1.8.0_181&amp;apos;
Driver info: driver.version: RemoteWebDriver">
      <![CDATA[org.openqa.selenium.remote.UnreachableBrowserException: Could not start a new session. Possible causes are invalid address of the remote server or browser start-up failure.
Build info: version: '3.141.59', revision: 'e82be7d358', time: '2018-11-14T08:17:03'
System info: host: 'WINDOWS-H6I2TEN', ip: '192.168.43.105', os.name: 'Windows 8', os.arch: 'amd64', os.version: '6.2', java.version: '1.8.0_181'
Driver info: driver.version: RemoteWebDriver
	at org.openqa.selenium.remote.RemoteWebDriver.execute(RemoteWebDriver.java:573)
	at org.openqa.selenium.remote.RemoteWebDriver.startSession(RemoteWebDriver.java:213)
	at org.openqa.selenium.remote.RemoteWebDriver.<init>(RemoteWebDriver.java:131)
	at org.openqa.selenium.remote.RemoteWebDriver.<init>(RemoteWebDriver.java:144)
	at thread.test08.openBroser(test08.java:26)
	at java.util.concurrent.ThreadPoolExecutor.runWorker(ThreadPoolExecutor.java:1149)
	at java.util.concurrent.ThreadPoolExecutor$Worker.run(ThreadPoolExecutor.java:624)
	at java.lang.Thread.run(Thread.java:748)
Caused by: java.net.ConnectException: Failed to connect to /192.168.1.23:4444
	at okhttp3.internal.connection.RealConnection.connectSocket(RealConnection.java:247)
	at okhttp3.internal.connection.RealConnection.connect(RealConnection.java:165)
	at okhttp3.internal.connection.StreamAllocation.findConnection(StreamAllocation.java:257)
	at okhttp3.internal.connection.StreamAllocation.findHealthyConnection(StreamAllocation.java:135)
	at okhttp3.internal.connection.StreamAllocation.newStream(StreamAllocation.java:114)
	at okhttp3.internal.connection.ConnectInterceptor.intercept(ConnectInterceptor.java:42)
	at okhttp3.internal.http.RealInterceptorChain.proceed(RealInterceptorChain.java:147)
	at okhttp3.internal.http.RealInterceptorChain.proceed(RealInterceptorChain.java:121)
	at okhttp3.internal.cache.CacheInterceptor.intercept(CacheInterceptor.java:93)
	at okhttp3.internal.http.RealInterceptorChain.proceed(RealInterceptorChain.java:147)
	at okhttp3.internal.http.RealInterceptorChain.proceed(RealInterceptorChain.java:121)
	at okhttp3.internal.http.BridgeInterceptor.intercept(BridgeInterceptor.java:93)
	at okhttp3.internal.http.RealInterceptorChain.proceed(RealInterceptorChain.java:147)
	at okhttp3.internal.http.RetryAndFollowUpInterceptor.intercept(RetryAndFollowUpInterceptor.java:126)
	at okhttp3.internal.http.RealInterceptorChain.proceed(RealInterceptorChain.java:147)
	at okhttp3.internal.http.RealInterceptorChain.proceed(RealInterceptorChain.java:121)
	at okhttp3.RealCall.getResponseWithInterceptorChain(RealCall.java:200)
	at okhttp3.RealCall.execute(RealCall.java:77)
	at org.openqa.selenium.remote.internal.OkHttpClient.execute(OkHttpClient.java:103)
	at org.openqa.selenium.remote.ProtocolHandshake.createSession(ProtocolHandshake.java:105)
	at org.openqa.selenium.remote.ProtocolHandshake.createSession(ProtocolHandshake.java:74)
	at org.openqa.selenium.remote.HttpCommandExecutor.execute(HttpCommandExecutor.java:136)
	at org.openqa.selenium.remote.RemoteWebDriver.execute(RemoteWebDriver.java:552)
	... 19 more
Caused by: java.net.ConnectException: Connection timed out: connect
	at java.net.DualStackPlainSocketImpl.waitForConnect(Native Method)
	at java.net.DualStackPlainSocketImpl.socketConnect(DualStackPlainSocketImpl.java:85)
	at java.net.AbstractPlainSocketImpl.doConnect(AbstractPlainSocketImpl.java:350)
	at java.net.AbstractPlainSocketImpl.connectToAddress(AbstractPlainSocketImpl.java:206)
	at java.net.AbstractPlainSocketImpl.connect(AbstractPlainSocketImpl.java:188)
	at java.net.PlainSocketImpl.connect(PlainSocketImpl.java:172)
	at java.net.SocksSocketImpl.connect(SocksSocketImpl.java:392)
	at java.net.Socket.connect(Socket.java:589)
	at okhttp3.internal.platform.Platform.connectSocket(Platform.java:129)
	at okhttp3.internal.connection.RealConnection.connectSocket(RealConnection.java:245)
	... 41 more
... Removed 12 stack frames]]>
    </failure>
  </testcase> <!-- @BeforeMethod openBroser -->
  <testcase name="@BeforeMethod openBroser" time="0.0" classname="thread.test07">
    <failure type="org.openqa.selenium.remote.UnreachableBrowserException" message="Could not start a new session. Possible causes are invalid address of the remote server or browser start-up failure.
Build info: version: &amp;apos;3.141.59&amp;apos;, revision: &amp;apos;e82be7d358&amp;apos;, time: &amp;apos;2018-11-14T08:17:03&amp;apos;
System info: host: &amp;apos;WINDOWS-H6I2TEN&amp;apos;, ip: &amp;apos;192.168.43.105&amp;apos;, os.name: &amp;apos;Windows 8&amp;apos;, os.arch: &amp;apos;amd64&amp;apos;, os.version: &amp;apos;6.2&amp;apos;, java.version: &amp;apos;1.8.0_181&amp;apos;
Driver info: driver.version: RemoteWebDriver">
      <![CDATA[org.openqa.selenium.remote.UnreachableBrowserException: Could not start a new session. Possible causes are invalid address of the remote server or browser start-up failure.
Build info: version: '3.141.59', revision: 'e82be7d358', time: '2018-11-14T08:17:03'
System info: host: 'WINDOWS-H6I2TEN', ip: '192.168.43.105', os.name: 'Windows 8', os.arch: 'amd64', os.version: '6.2', java.version: '1.8.0_181'
Driver info: driver.version: RemoteWebDriver
	at org.openqa.selenium.remote.RemoteWebDriver.execute(RemoteWebDriver.java:573)
	at org.openqa.selenium.remote.RemoteWebDriver.startSession(RemoteWebDriver.java:213)
	at org.openqa.selenium.remote.RemoteWebDriver.<init>(RemoteWebDriver.java:131)
	at org.openqa.selenium.remote.RemoteWebDriver.<init>(RemoteWebDriver.java:144)
	at thread.test07.openBroser(test07.java:26)
	at java.util.concurrent.ThreadPoolExecutor.runWorker(ThreadPoolExecutor.java:1149)
	at java.util.concurrent.ThreadPoolExecutor$Worker.run(ThreadPoolExecutor.java:624)
	at java.lang.Thread.run(Thread.java:748)
Caused by: java.net.ConnectException: Failed to connect to /192.168.1.23:4444
	at okhttp3.internal.connection.RealConnection.connectSocket(RealConnection.java:247)
	at okhttp3.internal.connection.RealConnection.connect(RealConnection.java:165)
	at okhttp3.internal.connection.StreamAllocation.findConnection(StreamAllocation.java:257)
	at okhttp3.internal.connection.StreamAllocation.findHealthyConnection(StreamAllocation.java:135)
	at okhttp3.internal.connection.StreamAllocation.newStream(StreamAllocation.java:114)
	at okhttp3.internal.connection.ConnectInterceptor.intercept(ConnectInterceptor.java:42)
	at okhttp3.internal.http.RealInterceptorChain.proceed(RealInterceptorChain.java:147)
	at okhttp3.internal.http.RealInterceptorChain.proceed(RealInterceptorChain.java:121)
	at okhttp3.internal.cache.CacheInterceptor.intercept(CacheInterceptor.java:93)
	at okhttp3.internal.http.RealInterceptorChain.proceed(RealInterceptorChain.java:147)
	at okhttp3.internal.http.RealInterceptorChain.proceed(RealInterceptorChain.java:121)
	at okhttp3.internal.http.BridgeInterceptor.intercept(BridgeInterceptor.java:93)
	at okhttp3.internal.http.RealInterceptorChain.proceed(RealInterceptorChain.java:147)
	at okhttp3.internal.http.RetryAndFollowUpInterceptor.intercept(RetryAndFollowUpInterceptor.java:126)
	at okhttp3.internal.http.RealInterceptorChain.proceed(RealInterceptorChain.java:147)
	at okhttp3.internal.http.RealInterceptorChain.proceed(RealInterceptorChain.java:121)
	at okhttp3.RealCall.getResponseWithInterceptorChain(RealCall.java:200)
	at okhttp3.RealCall.execute(RealCall.java:77)
	at org.openqa.selenium.remote.internal.OkHttpClient.execute(OkHttpClient.java:103)
	at org.openqa.selenium.remote.ProtocolHandshake.createSession(ProtocolHandshake.java:105)
	at org.openqa.selenium.remote.ProtocolHandshake.createSession(ProtocolHandshake.java:74)
	at org.openqa.selenium.remote.HttpCommandExecutor.execute(HttpCommandExecutor.java:136)
	at org.openqa.selenium.remote.RemoteWebDriver.execute(RemoteWebDriver.java:552)
	... 19 more
Caused by: java.net.ConnectException: Connection timed out: connect
	at java.net.DualStackPlainSocketImpl.waitForConnect(Native Method)
	at java.net.DualStackPlainSocketImpl.socketConnect(DualStackPlainSocketImpl.java:85)
	at java.net.AbstractPlainSocketImpl.doConnect(AbstractPlainSocketImpl.java:350)
	at java.net.AbstractPlainSocketImpl.connectToAddress(AbstractPlainSocketImpl.java:206)
	at java.net.AbstractPlainSocketImpl.connect(AbstractPlainSocketImpl.java:188)
	at java.net.PlainSocketImpl.connect(PlainSocketImpl.java:172)
	at java.net.SocksSocketImpl.connect(SocksSocketImpl.java:392)
	at java.net.Socket.connect(Socket.java:589)
	at okhttp3.internal.platform.Platform.connectSocket(Platform.java:129)
	at okhttp3.internal.connection.RealConnection.connectSocket(RealConnection.java:245)
	... 41 more
... Removed 12 stack frames]]>
    </failure>
  </testcase> <!-- @BeforeMethod openBroser -->
  <testcase name="@BeforeMethod openBroser" time="0.0" classname="thread.test09">
    <failure type="org.openqa.selenium.remote.UnreachableBrowserException" message="Could not start a new session. Possible causes are invalid address of the remote server or browser start-up failure.
Build info: version: &amp;apos;3.141.59&amp;apos;, revision: &amp;apos;e82be7d358&amp;apos;, time: &amp;apos;2018-11-14T08:17:03&amp;apos;
System info: host: &amp;apos;WINDOWS-H6I2TEN&amp;apos;, ip: &amp;apos;192.168.43.105&amp;apos;, os.name: &amp;apos;Windows 8&amp;apos;, os.arch: &amp;apos;amd64&amp;apos;, os.version: &amp;apos;6.2&amp;apos;, java.version: &amp;apos;1.8.0_181&amp;apos;
Driver info: driver.version: RemoteWebDriver">
      <![CDATA[org.openqa.selenium.remote.UnreachableBrowserException: Could not start a new session. Possible causes are invalid address of the remote server or browser start-up failure.
Build info: version: '3.141.59', revision: 'e82be7d358', time: '2018-11-14T08:17:03'
System info: host: 'WINDOWS-H6I2TEN', ip: '192.168.43.105', os.name: 'Windows 8', os.arch: 'amd64', os.version: '6.2', java.version: '1.8.0_181'
Driver info: driver.version: RemoteWebDriver
	at org.openqa.selenium.remote.RemoteWebDriver.execute(RemoteWebDriver.java:573)
	at org.openqa.selenium.remote.RemoteWebDriver.startSession(RemoteWebDriver.java:213)
	at org.openqa.selenium.remote.RemoteWebDriver.<init>(RemoteWebDriver.java:131)
	at org.openqa.selenium.remote.RemoteWebDriver.<init>(RemoteWebDriver.java:144)
	at thread.test09.openBroser(test09.java:25)
	at java.util.concurrent.ThreadPoolExecutor.runWorker(ThreadPoolExecutor.java:1149)
	at java.util.concurrent.ThreadPoolExecutor$Worker.run(ThreadPoolExecutor.java:624)
	at java.lang.Thread.run(Thread.java:748)
Caused by: java.net.ConnectException: Failed to connect to /192.168.1.23:4444
	at okhttp3.internal.connection.RealConnection.connectSocket(RealConnection.java:247)
	at okhttp3.internal.connection.RealConnection.connect(RealConnection.java:165)
	at okhttp3.internal.connection.StreamAllocation.findConnection(StreamAllocation.java:257)
	at okhttp3.internal.connection.StreamAllocation.findHealthyConnection(StreamAllocation.java:135)
	at okhttp3.internal.connection.StreamAllocation.newStream(StreamAllocation.java:114)
	at okhttp3.internal.connection.ConnectInterceptor.intercept(ConnectInterceptor.java:42)
	at okhttp3.internal.http.RealInterceptorChain.proceed(RealInterceptorChain.java:147)
	at okhttp3.internal.http.RealInterceptorChain.proceed(RealInterceptorChain.java:121)
	at okhttp3.internal.cache.CacheInterceptor.intercept(CacheInterceptor.java:93)
	at okhttp3.internal.http.RealInterceptorChain.proceed(RealInterceptorChain.java:147)
	at okhttp3.internal.http.RealInterceptorChain.proceed(RealInterceptorChain.java:121)
	at okhttp3.internal.http.BridgeInterceptor.intercept(BridgeInterceptor.java:93)
	at okhttp3.internal.http.RealInterceptorChain.proceed(RealInterceptorChain.java:147)
	at okhttp3.internal.http.RetryAndFollowUpInterceptor.intercept(RetryAndFollowUpInterceptor.java:126)
	at okhttp3.internal.http.RealInterceptorChain.proceed(RealInterceptorChain.java:147)
	at okhttp3.internal.http.RealInterceptorChain.proceed(RealInterceptorChain.java:121)
	at okhttp3.RealCall.getResponseWithInterceptorChain(RealCall.java:200)
	at okhttp3.RealCall.execute(RealCall.java:77)
	at org.openqa.selenium.remote.internal.OkHttpClient.execute(OkHttpClient.java:103)
	at org.openqa.selenium.remote.ProtocolHandshake.createSession(ProtocolHandshake.java:105)
	at org.openqa.selenium.remote.ProtocolHandshake.createSession(ProtocolHandshake.java:74)
	at org.openqa.selenium.remote.HttpCommandExecutor.execute(HttpCommandExecutor.java:136)
	at org.openqa.selenium.remote.RemoteWebDriver.execute(RemoteWebDriver.java:552)
	... 19 more
Caused by: java.net.ConnectException: Connection timed out: connect
	at java.net.DualStackPlainSocketImpl.waitForConnect(Native Method)
	at java.net.DualStackPlainSocketImpl.socketConnect(DualStackPlainSocketImpl.java:85)
	at java.net.AbstractPlainSocketImpl.doConnect(AbstractPlainSocketImpl.java:350)
	at java.net.AbstractPlainSocketImpl.connectToAddress(AbstractPlainSocketImpl.java:206)
	at java.net.AbstractPlainSocketImpl.connect(AbstractPlainSocketImpl.java:188)
	at java.net.PlainSocketImpl.connect(PlainSocketImpl.java:172)
	at java.net.SocksSocketImpl.connect(SocksSocketImpl.java:392)
	at java.net.Socket.connect(Socket.java:589)
	at okhttp3.internal.platform.Platform.connectSocket(Platform.java:129)
	at okhttp3.internal.connection.RealConnection.connectSocket(RealConnection.java:245)
	... 41 more
... Removed 12 stack frames]]>
    </failure>
  </testcase> <!-- @BeforeMethod openBroser -->
  <testcase name="@AfterMethod closeBroser" time="0.0" classname="thread.test09">
    <skipped/>
  </testcase> <!-- @AfterMethod closeBroser -->
  <testcase name="@AfterMethod closeBroser" time="0.0" classname="thread.test08">
    <skipped/>
  </testcase> <!-- @AfterMethod closeBroser -->
  <testcase name="@BeforeMethod openBroser" time="0.0" classname="thread.test09">
    <skipped/>
  </testcase> <!-- @BeforeMethod openBroser -->
  <testcase name="@BeforeMethod openBroser" time="0.0" classname="thread.test08">
    <skipped/>
  </testcase> <!-- @BeforeMethod openBroser -->
  <testcase name="@AfterMethod closeBroser" time="0.0" classname="thread.test09">
    <skipped/>
  </testcase> <!-- @AfterMethod closeBroser -->
  <testcase name="@BeforeMethod openBroser" time="0.0" classname="thread.test09">
    <skipped/>
  </testcase> <!-- @BeforeMethod openBroser -->
  <testcase name="@AfterMethod closeBroser" time="0.0" classname="thread.test09">
    <skipped/>
  </testcase> <!-- @AfterMethod closeBroser -->
  <testcase name="@AfterMethod closeBroser" time="0.0" classname="thread.test07">
    <skipped/>
  </testcase> <!-- @AfterMethod closeBroser -->
  <testcase name="@BeforeMethod openBroser" time="0.0" classname="thread.test07">
    <skipped/>
  </testcase> <!-- @BeforeMethod openBroser -->
  <testcase name="@BeforeMethod openBroser" time="0.0" classname="thread.test09">
    <skipped/>
  </testcase> <!-- @BeforeMethod openBroser -->
  <testcase name="@AfterMethod closeBroser" time="0.0" classname="thread.test09">
    <skipped/>
  </testcase> <!-- @AfterMethod closeBroser -->
  <testcase name="@AfterMethod closeBroser" time="0.0" classname="thread.test07">
    <skipped/>
  </testcase> <!-- @AfterMethod closeBroser -->
  <testcase name="@BeforeMethod openBroser" time="0.0" classname="thread.test09">
    <skipped/>
  </testcase> <!-- @BeforeMethod openBroser -->
  <testcase name="@BeforeMethod openBroser" time="0.0" classname="thread.test07">
    <skipped/>
  </testcase> <!-- @BeforeMethod openBroser -->
  <testcase name="@AfterMethod closeBroser" time="0.0" classname="thread.test08">
    <skipped/>
  </testcase> <!-- @AfterMethod closeBroser -->
  <testcase name="@AfterMethod closeBroser" time="0.0" classname="thread.test07">
    <skipped/>
  </testcase> <!-- @AfterMethod closeBroser -->
  <testcase name="@BeforeMethod openBroser" time="0.0" classname="thread.test08">
    <skipped/>
  </testcase> <!-- @BeforeMethod openBroser -->
  <testcase name="@AfterMethod closeBroser" time="0.0" classname="thread.test09">
    <skipped/>
  </testcase> <!-- @AfterMethod closeBroser -->
  <testcase name="@BeforeMethod openBroser" time="0.0" classname="thread.test09">
    <skipped/>
  </testcase> <!-- @BeforeMethod openBroser -->
  <testcase name="@AfterMethod closeBroser" time="0.0" classname="thread.test08">
    <skipped/>
  </testcase> <!-- @AfterMethod closeBroser -->
  <testcase name="@AfterMethod closeBroser" time="0.0" classname="thread.test09">
    <skipped/>
  </testcase> <!-- @AfterMethod closeBroser -->
  <testcase name="@BeforeMethod openBroser" time="0.0" classname="thread.test08">
    <skipped/>
  </testcase> <!-- @BeforeMethod openBroser -->
  <testcase name="@BeforeMethod openBroser" time="0.0" classname="thread.test09">
    <skipped/>
  </testcase> <!-- @BeforeMethod openBroser -->
  <testcase name="@AfterMethod closeBroser" time="0.0" classname="thread.test09">
    <skipped/>
  </testcase> <!-- @AfterMethod closeBroser -->
  <testcase name="@AfterMethod closeBroser" time="0.0" classname="thread.test08">
    <skipped/>
  </testcase> <!-- @AfterMethod closeBroser -->
  <testcase name="@BeforeMethod openBroser" time="0.0" classname="thread.test08">
    <skipped/>
  </testcase> <!-- @BeforeMethod openBroser -->
  <testcase name="@AfterMethod closeBroser" time="0.0" classname="thread.test08">
    <skipped/>
  </testcase> <!-- @AfterMethod closeBroser -->
  <testcase name="@BeforeMethod openBroser" time="0.0" classname="thread.test08">
    <skipped/>
  </testcase> <!-- @BeforeMethod openBroser -->
  <testcase name="@AfterMethod closeBroser" time="0.0" classname="thread.test08">
    <skipped/>
  </testcase> <!-- @AfterMethod closeBroser -->
  <testcase name="@BeforeMethod openBroser" time="0.0" classname="thread.test08">
    <skipped/>
  </testcase> <!-- @BeforeMethod openBroser -->
  <testcase name="@AfterMethod closeBroser" time="0.0" classname="thread.test08">
    <skipped/>
  </testcase> <!-- @AfterMethod closeBroser -->
  <testcase name="@BeforeMethod openBroser" time="0.0" classname="thread.test07">
    <skipped/>
  </testcase> <!-- @BeforeMethod openBroser -->
  <testcase name="@AfterMethod closeBroser" time="0.0" classname="thread.test07">
    <skipped/>
  </testcase> <!-- @AfterMethod closeBroser -->
  <testcase name="@BeforeMethod openBroser" time="0.0" classname="thread.test07">
    <skipped/>
  </testcase> <!-- @BeforeMethod openBroser -->
  <testcase name="@AfterMethod closeBroser" time="0.0" classname="thread.test07">
    <skipped/>
  </testcase> <!-- @AfterMethod closeBroser -->
  <testcase name="@BeforeMethod openBroser" time="0.0" classname="thread.test07">
    <skipped/>
  </testcase> <!-- @BeforeMethod openBroser -->
  <testcase name="@AfterMethod closeBroser" time="0.0" classname="thread.test07">
    <skipped/>
  </testcase> <!-- @AfterMethod closeBroser -->
  <testcase name="@BeforeMethod openBroser" time="0.0" classname="thread.test07">
    <skipped/>
  </testcase> <!-- @BeforeMethod openBroser -->
  <testcase name="@AfterMethod closeBroser" time="0.0" classname="thread.test07">
    <skipped/>
  </testcase> <!-- @AfterMethod closeBroser -->
  <testcase name="test" time="0.001" classname="thread.test09">
    <skipped/>
  </testcase> <!-- test -->
  <testcase name="test" time="0.004" classname="thread.test08">
    <skipped/>
  </testcase> <!-- test -->
  <testcase name="test" time="0.0" classname="thread.test09">
    <skipped/>
  </testcase> <!-- test -->
  <testcase name="test" time="0.0" classname="thread.test09">
    <skipped/>
  </testcase> <!-- test -->
  <testcase name="test" time="0.005" classname="thread.test07">
    <skipped/>
  </testcase> <!-- test -->
  <testcase name="test" time="0.0" classname="thread.test07">
    <skipped/>
  </testcase> <!-- test -->
  <testcase name="test2" time="0.0" classname="thread.test09">
    <skipped/>
  </testcase> <!-- test2 -->
  <testcase name="test" time="0.0" classname="thread.test08">
    <skipped/>
  </testcase> <!-- test -->
  <testcase name="test" time="0.0" classname="thread.test07">
    <skipped/>
  </testcase> <!-- test -->
  <testcase name="test" time="0.0" classname="thread.test08">
    <skipped/>
  </testcase> <!-- test -->
  <testcase name="test2" time="0.0" classname="thread.test09">
    <skipped/>
  </testcase> <!-- test2 -->
  <testcase name="test2" time="0.0" classname="thread.test09">
    <skipped/>
  </testcase> <!-- test2 -->
  <testcase name="m" time="0.001" classname="thread.test09">
    <skipped/>
  </testcase> <!-- m -->
  <testcase name="test2" time="0.002" classname="thread.test08">
    <skipped/>
  </testcase> <!-- test2 -->
  <testcase name="test2" time="0.0" classname="thread.test08">
    <skipped/>
  </testcase> <!-- test2 -->
  <testcase name="test2" time="0.0" classname="thread.test08">
    <skipped/>
  </testcase> <!-- test2 -->
  <testcase name="m" time="0.0" classname="thread.test08">
    <skipped/>
  </testcase> <!-- m -->
  <testcase name="test2" time="0.0" classname="thread.test07">
    <skipped/>
  </testcase> <!-- test2 -->
  <testcase name="test2" time="0.0" classname="thread.test07">
    <skipped/>
  </testcase> <!-- test2 -->
  <testcase name="test2" time="0.0" classname="thread.test07">
    <skipped/>
  </testcase> <!-- test2 -->
  <testcase name="m" time="0.0" classname="thread.test07">
    <skipped/>
  </testcase> <!-- m -->
</testsuite> <!-- webDriverTest01 -->
